C51 COMPILER V9.54   MAIN                                                                  01/11/2024 12:05:04 PAGE 1   


C51 COMPILER V9.54, COMPILATION OF MODULE MAIN
OBJECT MODULE PLACED IN .\Objects\main.obj
COMPILER INVOKED BY: D:\Keil5\C51\BIN\C51.EXE main.c OPTIMIZE(8,SPEED) BROWSE DEBUG OBJECTEXTEND PRINT(.\Listings\main.l
                    -st) TABS(2) OBJECT(.\Objects\main.obj)

line level    source

   1          #include <REGX52.H>
   2          #include "LCD1602.h"
   3          #include "Delay.h"
   4          #include "OneWire.h"
   5          #include "DS18B20.h"
   6          
   7          unsigned char Ack;
   8          float T;
   9          
  10          void main ()
  11          {     
  12   1            DS18B20_ConvertT();
  13   1            Delay(1000);
  14   1            LCD_Init();
  15   1            LCD_ShowString(1,1,"Temperature");
  16   1          while(1)
  17   1          {
  18   2              DS18B20_ConvertT();
  19   2              T=DS18B20_ReadT();
  20   2              if(T<0){LCD_ShowChar(2,1,'-');T=-T;}
  21   2              else{LCD_ShowChar(2,1,'+');}
  22   2              LCD_ShowNum(2,2,T,3);
  23   2              LCD_ShowChar(2,5,'.');
  24   2              LCD_ShowNum(2,6,(unsigned long)(T*10000)%10000,4);
  25   2              
  26   2          }
  27   1      }


MODULE INFORMATION:   STATIC OVERLAYABLE
   CODE SIZE        =    176    ----
   CONSTANT SIZE    =     12    ----
   XDATA SIZE       =   ----    ----
   PDATA SIZE       =   ----    ----
   DATA SIZE        =      5    ----
   IDATA SIZE       =   ----    ----
   BIT SIZE         =   ----    ----
END OF MODULE INFORMATION.


C51 COMPILATION COMPLETE.  0 WARNING(S),  0 ERROR(S)
