C51 COMPILER V9.54   ONEWIRE                                                               01/11/2024 12:00:18 PAGE 1   


C51 COMPILER V9.54, COMPILATION OF MODULE ONEWIRE
OBJECT MODULE PLACED IN .\Objects\OneWire.obj
COMPILER INVOKED BY: D:\Keil5\C51\BIN\C51.EXE OneWire.c OPTIMIZE(8,SPEED) BROWSE DEBUG OBJECTEXTEND PRINT(.\Listings\One
                    -Wire.lst) TABS(2) OBJECT(.\Objects\OneWire.obj)

line level    source

   1          #include <REGX52.H>
   2          
   3          sbit OneWire_DQ=P3^7;
   4          
   5          unsigned char OneWire_Init(void)
   6          { 
   7   1        unsigned char i,AckBit;
   8   1        OneWire_DQ=1;
   9   1        OneWire_DQ=0;
  10   1        i = 227;while (--i);  //Delay500us
  11   1        OneWire_DQ=1;
  12   1        i = 29;while (--i);  //Delay70us
  13   1        AckBit=OneWire_DQ;
  14   1        i = 227;while (--i);  //Delay500us
  15   1        return AckBit;
  16   1        
  17   1      }
  18          
  19          void OneWire_SendBit(unsigned char Bit)
  20          { 
  21   1        unsigned char i;
  22   1        OneWire_DQ=0;
  23   1        i = 2;while (--i); //Delay10us
  24   1        OneWire_DQ=Bit;
  25   1        i = 22;while (--i);//Delay50us
  26   1        OneWire_DQ=1;
  27   1        
  28   1      }
  29          
  30          unsigned OneWire_ReceiveBit(void)
  31          {
  32   1        unsigned char i,Bit;
  33   1        OneWire_DQ=0;
  34   1        i = 1;while (--i); //Delay5us
  35   1        OneWire_DQ=1;
  36   1        i = 1;while (--i); //Delay5us
  37   1        Bit=OneWire_DQ;
  38   1        i = 22;while (--i);//Delay50us
  39   1        return Bit;
  40   1      } 
  41          
  42          void OneWire_SendByte(unsigned char Byte)
  43          {
  44   1        unsigned char i;
  45   1        for(i=0;i<8;i++)
  46   1        {
  47   2          OneWire_SendBit(Byte&(0x01<<i));
  48   2        }
  49   1      }
  50          
  51          unsigned OneWire_ReceiveByte(void)
  52          {
  53   1        unsigned char i,Byte=0x00;
  54   1        for(i=0;i<8;i++)
C51 COMPILER V9.54   ONEWIRE                                                               01/11/2024 12:00:18 PAGE 2   

  55   1        {
  56   2          if(OneWire_ReceiveBit()){Byte|=(0x01<<i);}
  57   2        }
  58   1        return Byte;
  59   1      }
  60            


MODULE INFORMATION:   STATIC OVERLAYABLE
   CODE SIZE        =    127    ----
   CONSTANT SIZE    =   ----    ----
   XDATA SIZE       =   ----    ----
   PDATA SIZE       =   ----    ----
   DATA SIZE        =   ----    ----
   IDATA SIZE       =   ----    ----
   BIT SIZE         =   ----    ----
END OF MODULE INFORMATION.


C51 COMPILATION COMPLETE.  0 WARNING(S),  0 ERROR(S)
