C51 COMPILER V9.54   KEY                                                                   01/10/2024 19:58:06 PAGE 1   


C51 COMPILER V9.54, COMPILATION OF MODULE KEY
OBJECT MODULE PLACED IN .\Objects\Key.obj
COMPILER INVOKED BY: D:\Keil5\C51\BIN\C51.EXE Key.c OPTIMIZE(8,SPEED) BROWSE DEBUG OBJECTEXTEND PRINT(.\Listings\Key.lst
                    -) TABS(2) OBJECT(.\Objects\Key.obj)

line level    source

   1          #include <REGX52.H>
   2          #include "Delay.h"
   3          
   4          unsigned char Key_KeyNum;
   5          
   6          unsigned char Key(void)
   7          {
   8   1        unsigned char Temp;
   9   1        Temp=Key_KeyNum;
  10   1        Key_KeyNum=0;
  11   1        return Temp;
  12   1      }
  13          
  14          unsigned char Key_GetState()
  15          {
  16   1          unsigned int Keynumer=0;
  17   1          if(P3_1==0){Keynumer=1;}
  18   1          if(P3_0==0){Keynumer=2;}
  19   1          if(P3_2==0){Keynumer=3;}
  20   1          if(P3_3==0){Keynumer=4;}
  21   1          return Keynumer;
  22   1      }
  23          void Key_Loop(void)
  24          {
  25   1        static unsigned char NowState,LastState;
  26   1        LastState=NowState;
  27   1        NowState=Key_GetState();
  28   1        if(LastState==1 && NowState==0)
  29   1        {
  30   2          Key_KeyNum=1;
  31   2        }
  32   1        if(LastState==2 && NowState==0)
  33   1        {
  34   2          Key_KeyNum=2;
  35   2        }
  36   1        if(LastState==3 && NowState==0)
  37   1        {
  38   2          Key_KeyNum=3;
  39   2        }
  40   1        if(LastState==4 && NowState==0)
  41   1        {
  42   2          Key_KeyNum=4;
  43   2        }
  44   1      }


MODULE INFORMATION:   STATIC OVERLAYABLE
   CODE SIZE        =     85    ----
   CONSTANT SIZE    =   ----    ----
   XDATA SIZE       =   ----    ----
   PDATA SIZE       =   ----    ----
   DATA SIZE        =      3    ----
   IDATA SIZE       =   ----    ----
   BIT SIZE         =   ----    ----
C51 COMPILER V9.54   KEY                                                                   01/10/2024 19:58:06 PAGE 2   

END OF MODULE INFORMATION.


C51 COMPILATION COMPLETE.  0 WARNING(S),  0 ERROR(S)
