C51 COMPILER V9.54   MAIN                                                                  01/10/2024 20:28:19 PAGE 1   


C51 COMPILER V9.54, COMPILATION OF MODULE MAIN
OBJECT MODULE PLACED IN .\Objects\main.obj
COMPILER INVOKED BY: D:\Keil5\C51\BIN\C51.EXE main.c OPTIMIZE(8,SPEED) BROWSE DEBUG OBJECTEXTEND PRINT(.\Listings\main.l
                    -st) TABS(2) OBJECT(.\Objects\main.obj)

line level    source

   1          #include <REGX52.H>
   2          #include "Delay.h"
   3          #include "Key.h"
   4          #include "Nixie.h"
   5          #include "Timer0.h"
   6          #include "AT24c02.h"
   7          
   8          unsigned char KeyNum;
   9          unsigned char Min,Sec,MiniSec;
  10          unsigned char RunFlag;
  11          
  12          void main ()
  13          {   
  14   1          Timer0Init();
  15   1          while(1)
  16   1          {
  17   2             KeyNum=Key();
  18   2              if(KeyNum==1)
  19   2              {
  20   3                RunFlag=!RunFlag;
  21   3              }
  22   2              if(KeyNum==2)
  23   2              {
  24   3                Min=0;
  25   3                Sec=0;
  26   3                MiniSec=0;
  27   3              }
  28   2              if(KeyNum==3)
  29   2              {
  30   3                AT24C02_WriteByte(0,Min);
  31   3                Delay(5);
  32   3                AT24C02_WriteByte(1,Sec);
  33   3                Delay(5);
  34   3                AT24C02_WriteByte(2,MiniSec);
  35   3                Delay(5);
  36   3              }
  37   2              if(KeyNum==4)
  38   2              {
  39   3              Min=AT24C02_ReadByte(0);
  40   3              Sec=AT24C02_ReadByte(1);
  41   3              MiniSec=AT24C02_ReadByte(2);
  42   3              }
  43   2            Nixie_SetBuf(1,Min/10);
  44   2            Nixie_SetBuf(2,Min%10);
  45   2            Nixie_SetBuf(3,11);
  46   2            Nixie_SetBuf(4,Sec/10);
  47   2            Nixie_SetBuf(5,Sec%10);
  48   2            Nixie_SetBuf(6,11);
  49   2            Nixie_SetBuf(7,MiniSec/10);
  50   2            Nixie_SetBuf(8,MiniSec%10);
  51   2      //      if(KeyNum)Temp=KeyNum;
  52   2      //      Nixie(1,Temp);
  53   2          }
  54   1      }
C51 COMPILER V9.54   MAIN                                                                  01/10/2024 20:28:19 PAGE 2   

  55          
  56          void Sec_Loop(void)
  57          { 
  58   1        if(RunFlag==1)
  59   1        {
  60   2          MiniSec++;
  61   2          if(MiniSec>=100)
  62   2          {
  63   3            MiniSec=0;
  64   3            Sec++;
  65   3            if(Sec>=60)
  66   3            {
  67   4              Sec=0;
  68   4              Min++;
  69   4              if(Min>=60)
  70   4              {
  71   5                Min=0;
  72   5              }
  73   4        }
  74   3        
  75   3          }
  76   2        }
  77   1      }
  78          
  79          void Timer0_Routine() interrupt 1
  80          {
  81   1        static unsigned int T0Count1,T0Count2,T0Count3;
  82   1        TL0 = 0x18;   //设置定时初值
  83   1        TH0 = 0xFC;   //设置定时初值
  84   1        T0Count1++;
  85   1        
  86   1        if(T0Count1>=20)
  87   1        {
  88   2          T0Count1=0;
  89   2          Key_Loop();
  90   2        }
  91   1        T0Count2++;
  92   1        if(T0Count2>=2)
  93   1        {
  94   2          T0Count2=0;
  95   2          Nixie_Loop();
  96   2        }
  97   1        T0Count3++;
  98   1        if(T0Count3>=10)
  99   1        {
 100   2          T0Count3=0;
 101   2          Sec_Loop();
 102   2        }
 103   1      }


MODULE INFORMATION:   STATIC OVERLAYABLE
   CODE SIZE        =    411    ----
   CONSTANT SIZE    =   ----    ----
   XDATA SIZE       =   ----    ----
   PDATA SIZE       =   ----    ----
   DATA SIZE        =     11    ----
   IDATA SIZE       =   ----    ----
   BIT SIZE         =   ----    ----
END OF MODULE INFORMATION.


C51 COMPILATION COMPLETE.  0 WARNING(S),  0 ERROR(S)
