C51 COMPILER V9.54   I2C                                                                   01/11/2024 14:16:04 PAGE 1   


C51 COMPILER V9.54, COMPILATION OF MODULE I2C
OBJECT MODULE PLACED IN .\Objects\I2C.obj
COMPILER INVOKED BY: D:\Keil5\C51\BIN\C51.EXE I2C.c OPTIMIZE(8,SPEED) BROWSE DEBUG OBJECTEXTEND PRINT(.\Listings\I2C.lst
                    -) TABS(2) OBJECT(.\Objects\I2C.obj)

line level    source

   1          #include <REGX52.H>
   2          
   3          sbit I2C_SCL=P2^1;
   4          sbit I2C_SDA=P2^0;
   5          
   6          void I2C_Start(void)//开始
   7          {
   8   1        I2C_SDA=1;
   9   1        I2C_SCL=1;
  10   1        I2C_SDA=0;
  11   1        I2C_SCL=0;
  12   1        
  13   1      }
  14          
  15          void I2C_Stop(void)//停止
  16          {
  17   1        I2C_SDA=0;
  18   1        I2C_SCL=1;
  19   1        I2C_SDA=1;
  20   1        
  21   1      }
  22          /**
  23            * @brief  发送字节
  24            * @param  Byte要发送的字节
  25            * @retval 无
  26            */
  27          void I2C_SendByte(unsigned char Byte)
  28          { 
  29   1        unsigned char i;
  30   1        for(i=0;i<8;i++)
  31   1        {
  32   2          I2C_SDA=Byte&(0x80>>i);
  33   2          I2C_SCL=1;
  34   2          I2C_SCL=0;
  35   2        }
  36   1      }
  37          /**
  38            * @brief  接受字节
  39            * @param  无
  40            * @retval 接受到的字节
  41            */
  42          unsigned char I2C_ReceiveByte(void)
  43          {
  44   1        unsigned char i,Byte=0x00;
  45   1        I2C_SDA=1;
  46   1        for(i=0;i<8;i++)
  47   1        {
  48   2          I2C_SCL=1;
  49   2          if(I2C_SDA){Byte|=(0x80>>i);}
  50   2          I2C_SCL=0;
  51   2        }
  52   1      }
*** WARNING C173 IN LINE 52 OF I2C.c: missing return-expression
  53          /**
C51 COMPILER V9.54   I2C                                                                   01/11/2024 14:16:04 PAGE 2   

  54            * @brief  发送应答
  55          * @param  AckBit应答位，0为应答，1为非应答
  56            * @retval 无
  57            */
  58          void I2C_SendAck(bit AckBit)
  59          {
  60   1        I2C_SDA=AckBit;
  61   1        I2C_SCL=1;
  62   1        I2C_SCL=0;
  63   1      }
  64          /**
  65            * @brief  接受应答
  66            * @param  无
  67            * @retval AckBit应答位，0为应答，1为非应答
  68            */
  69          unsigned char I2C_ReceiveAck(void)
  70          { 
  71   1        unsigned char AckBit;
  72   1        I2C_SDA=1;
  73   1        I2C_SCL=1;
  74   1        AckBit=I2C_SDA;
  75   1        I2C_SCL=0;
  76   1        return AckBit;
  77   1      }
*** WARNING C290 IN LINE 52 OF I2C.c: missing return value


MODULE INFORMATION:   STATIC OVERLAYABLE
   CODE SIZE        =    108    ----
   CONSTANT SIZE    =   ----    ----
   XDATA SIZE       =   ----    ----
   PDATA SIZE       =   ----    ----
   DATA SIZE        =   ----    ----
   IDATA SIZE       =   ----    ----
   BIT SIZE         =   ----       1
END OF MODULE INFORMATION.


C51 COMPILATION COMPLETE.  2 WARNING(S),  0 ERROR(S)
