C51 COMPILER V9.54   ONEWIRE                                                               01/11/2024 14:16:04 PAGE 1   


C51 COMPILER V9.54, COMPILATION OF MODULE ONEWIRE
OBJECT MODULE PLACED IN .\Objects\OneWire.obj
COMPILER INVOKED BY: D:\Keil5\C51\BIN\C51.EXE OneWire.c OPTIMIZE(8,SPEED) BROWSE DEBUG OBJECTEXTEND PRINT(.\Listings\One
                    -Wire.lst) TABS(2) OBJECT(.\Objects\OneWire.obj)

line level    source

   1          #include <REGX52.H>
   2          
   3          sbit OneWire_DQ=P3^7;
   4          
   5          unsigned char OneWire_Init(void)
   6          { 
   7   1        unsigned char i,AckBit;
   8   1        EA=0;
   9   1        OneWire_DQ=1;
  10   1        OneWire_DQ=0;
  11   1        i = 227;while (--i);  //Delay500us
  12   1        OneWire_DQ=1;
  13   1        i = 29;while (--i);  //Delay70us
  14   1        AckBit=OneWire_DQ;
  15   1        i = 227;while (--i);  //Delay500us
  16   1        EA=1;
  17   1        return AckBit;
  18   1        
  19   1      }
  20          
  21          void OneWire_SendBit(unsigned char Bit)
  22          { 
  23   1        unsigned char i;
  24   1        EA=0;
  25   1        OneWire_DQ=0;
  26   1        i = 2;while (--i); //Delay10us
  27   1        OneWire_DQ=Bit;
  28   1        i = 22;while (--i);//Delay50us
  29   1        OneWire_DQ=1;
  30   1        EA=1;
  31   1        
  32   1      }
  33          
  34          unsigned OneWire_ReceiveBit(void)
  35          {
  36   1        unsigned char i,Bit;
  37   1        EA=0;
  38   1        OneWire_DQ=0;
  39   1        i = 1;while (--i); //Delay5us
  40   1        OneWire_DQ=1;
  41   1        i = 1;while (--i); //Delay5us
  42   1        Bit=OneWire_DQ;
  43   1        i = 22;while (--i);//Delay50us
  44   1        EA=1;
  45   1        return Bit;
  46   1      } 
  47          
  48          void OneWire_SendByte(unsigned char Byte)
  49          {
  50   1        unsigned char i;
  51   1        for(i=0;i<8;i++)
  52   1        {
  53   2          OneWire_SendBit(Byte&(0x01<<i));
  54   2        }
C51 COMPILER V9.54   ONEWIRE                                                               01/11/2024 14:16:04 PAGE 2   

  55   1      }
  56          
  57          unsigned OneWire_ReceiveByte(void)
  58          {
  59   1        unsigned char i,Byte=0x00;
  60   1        for(i=0;i<8;i++)
  61   1        {
  62   2          if(OneWire_ReceiveBit()){Byte|=(0x01<<i);}
  63   2        }
  64   1        return Byte;
  65   1      }
  66            


MODULE INFORMATION:   STATIC OVERLAYABLE
   CODE SIZE        =    139    ----
   CONSTANT SIZE    =   ----    ----
   XDATA SIZE       =   ----    ----
   PDATA SIZE       =   ----    ----
   DATA SIZE        =   ----    ----
   IDATA SIZE       =   ----    ----
   BIT SIZE         =   ----    ----
END OF MODULE INFORMATION.


C51 COMPILATION COMPLETE.  0 WARNING(S),  0 ERROR(S)
