C51 COMPILER V9.54   MAIN                                                                  01/08/2024 16:32:24 PAGE 1   


C51 COMPILER V9.54, COMPILATION OF MODULE MAIN
OBJECT MODULE PLACED IN .\Objects\main.obj
COMPILER INVOKED BY: D:\Keil5\C51\BIN\C51.EXE main.c OPTIMIZE(8,SPEED) BROWSE DEBUG OBJECTEXTEND PRINT(.\Listings\main.l
                    -st) TABS(2) OBJECT(.\Objects\main.obj)

line level    source

   1          #include <REGX52.H>
   2          #include "Timer.h"
   3          #include "Key.h"
   4          #include "Delay.h"
   5          #include <INTRINS.H>
   6          
   7          
   8          unsigned char Keynum,LEDmode;
   9          
  10          void main ()
  11          {   P2=0xFE;
  12   1          Timer0Init();
  13   1          while(1)
  14   1          {
  15   2            Keynum=Key();
  16   2            if(Keynum)
  17   2            { 
  18   3              if(Keynum==1)
  19   3              {
  20   4                LEDmode++;
  21   4                if(LEDmode>=2)LEDmode=0;
  22   4              }
  23   3                  
  24   3            }
  25   2                
  26   2          }
  27   1      }
  28          
  29          void Timer0_Routine()  interrupt 1
  30          { 
  31   1        static unsigned int T0cout;
  32   1        TL0 = 0x18;   
  33   1        TH0 = 0xFC;
  34   1        T0cout++;
  35   1        if(T0cout>=500)
  36   1        { 
  37   2          T0cout=0;
  38   2          if(LEDmode==0)P2=_crol_(P2,1);
  39   2          if(LEDmode==1)P2=_cror_(P2,1);
  40   2        }
  41   1      }


MODULE INFORMATION:   STATIC OVERLAYABLE
   CODE SIZE        =    116    ----
   CONSTANT SIZE    =   ----    ----
   XDATA SIZE       =   ----    ----
   PDATA SIZE       =   ----    ----
   DATA SIZE        =      4    ----
   IDATA SIZE       =   ----    ----
   BIT SIZE         =   ----    ----
END OF MODULE INFORMATION.


C51 COMPILATION COMPLETE.  0 WARNING(S),  0 ERROR(S)
