C51 COMPILER V9.54   MAIN                                                                  01/08/2024 13:55:18 PAGE 1   


C51 COMPILER V9.54, COMPILATION OF MODULE MAIN
OBJECT MODULE PLACED IN .\Objects\main.obj
COMPILER INVOKED BY: D:\Keil5\C51\BIN\C51.EXE main.c OPTIMIZE(8,SPEED) BROWSE DEBUG OBJECTEXTEND PRINT(.\Listings\main.l
                    -st) TABS(2) OBJECT(.\Objects\main.obj)

line level    source

   1          #include <REGX52.H>
   2          #include "Delay.h"
   3          #include "LCD1602.h"
   4          #include "MatrixKey.h"
   5          
   6          unsigned char KeyNum;
   7          unsigned int Password,cout;
   8          
   9          void main()
  10          { 
  11   1        LCD_Init();
  12   1        LCD_ShowString(1,1,"Password:");
  13   1        while(1)
  14   1        {
  15   2          KeyNum=MatrixKey();
*** WARNING C206 IN LINE 15 OF main.c: 'MatrixKey': missing function-prototype
  16   2          if(KeyNum)
  17   2          { 
  18   3            if(KeyNum<=10)
  19   3            { 
  20   4              if(cout<4)
  21   4              {
  22   5                Password*=10;//左移
  23   5                Password+=KeyNum%10;//取一位
  24   5              }
  25   4              cout++;
  26   4            }
  27   3            LCD_ShowNum(2,1,Password,4);
  28   3          }
  29   2          if(KeyNum==11)//确认键
  30   2          {
  31   3            if(Password==1234)//如果密码为1234
  32   3            {
  33   4              LCD_ShowString(1,14,"OK ");//显示OK
  34   4              Password=0;
  35   4              cout=0;
  36   4            }
  37   3            else
  38   3            {
  39   4              LCD_ShowString(1,14,"ERR");//错误显示ERR
  40   4              Password=0;
  41   4              cout=0;
  42   4            }
  43   3          }
  44   2          if(KeyNum==12)
  45   2          {
  46   3            Password=0;
  47   3            cout=0;
  48   3            LCD_ShowNum(2,1,Password,4);
  49   3          }
  50   2        }
  51   1      }


C51 COMPILER V9.54   MAIN                                                                  01/08/2024 13:55:18 PAGE 2   

MODULE INFORMATION:   STATIC OVERLAYABLE
   CODE SIZE        =    175    ----
   CONSTANT SIZE    =     18    ----
   XDATA SIZE       =   ----    ----
   PDATA SIZE       =   ----    ----
   DATA SIZE        =      5    ----
   IDATA SIZE       =   ----    ----
   BIT SIZE         =   ----    ----
END OF MODULE INFORMATION.


C51 COMPILATION COMPLETE.  1 WARNING(S),  0 ERROR(S)
