C51 COMPILER V9.54   MAIN                                                                  01/12/2024 18:03:30 PAGE 1   


C51 COMPILER V9.54, COMPILATION OF MODULE MAIN
OBJECT MODULE PLACED IN .\Objects\main.obj
COMPILER INVOKED BY: D:\Keil5\C51\BIN\C51.EXE main.c OPTIMIZE(8,SPEED) BROWSE DEBUG OBJECTEXTEND PRINT(.\Listings\main.l
                    -st) TABS(2) OBJECT(.\Objects\main.obj)

line level    source

   1          #include <REGX52.H>
   2          #include "Key.h"
   3          #include "Nixie.h"
   4          #include "Timer0.h"
   5          #include "Delay.h"
   6          
   7          sbit DA=P2^1;
   8          
   9          unsigned char Cout,Compare,i;
  10          
  11          void main ()
  12          {   
  13   1          DA=0;
  14   1          Timer0Init();
  15   1          while(1)
  16   1          {
  17   2            for(i=0;i<100;i++)
  18   2            {
  19   3              Compare=i;
  20   3              Delay(10);
  21   3            }
  22   2            for(i=100;i>0;i--)
  23   2            {
  24   3              Compare=i;
  25   3              Delay(10);
  26   3            }
  27   2          }
  28   1      }
  29          
  30          void Timer0_Routine() interrupt 1
  31          {
  32   1        TL0 = 0x9C;   //设置定时初值
  33   1        TH0 = 0xFF;   //设置定时初值
  34   1        Cout++;
  35   1        Cout%=100;
  36   1        if(Cout>Compare){DA=0;}
  37   1        else {DA=1;}
  38   1        
  39   1      }


MODULE INFORMATION:   STATIC OVERLAYABLE
   CODE SIZE        =     94    ----
   CONSTANT SIZE    =   ----    ----
   XDATA SIZE       =   ----    ----
   PDATA SIZE       =   ----    ----
   DATA SIZE        =      3    ----
   IDATA SIZE       =   ----    ----
   BIT SIZE         =   ----    ----
END OF MODULE INFORMATION.


C51 COMPILATION COMPLETE.  0 WARNING(S),  0 ERROR(S)
