C51 COMPILER V9.54   MAIN                                                                  01/07/2024 16:26:37 PAGE 1   


C51 COMPILER V9.54, COMPILATION OF MODULE MAIN
OBJECT MODULE PLACED IN .\Objects\main.obj
COMPILER INVOKED BY: D:\Keil5\C51\BIN\C51.EXE main.c OPTIMIZE(8,SPEED) BROWSE DEBUG OBJECTEXTEND PRINT(.\Listings\main.l
                    -st) TABS(2) OBJECT(.\Objects\main.obj)

line level    source

   1          #include <REGX52.H>
   2          void Delay(unsigned int ms)   //@12.000MHz
   3          { 
   4   1        while(ms--)
   5   1        {
   6   2          unsigned char i, j;
   7   2          i = 20;
   8   2          j = 113;
   9   2          do
  10   2          {
  11   3            while (--j);
  12   3          } while (--i);
  13   2        }
  14   1        
  15   1      }
  16          
  17          unsigned char LED;
  18          void main()
  19          { 
  20   1        
  21   1        P2=~0x01;
  22   1        while(1)
  23   1        { 
  24   2          if(P3_1==0)
  25   2          {
  26   3            Delay(20);
  27   3            while(P3_1==0);
  28   3            Delay(20);
  29   3            LED++;
  30   3            if(LED>=8)
  31   3              LED=0;
  32   3            P2=~(0x01<<LED);
  33   3          }
  34   2          if(P3_0==0)
  35   2          {
  36   3            Delay(20);
  37   3            while(P3_0==0);
  38   3            Delay(20);
  39   3            if(LED==0)
  40   3              LED=7;
  41   3            else
  42   3            LED--;
  43   3            P2=~(0x01<<LED);
  44   3          }
  45   2        }
  46   1      }


MODULE INFORMATION:   STATIC OVERLAYABLE
   CODE SIZE        =    113    ----
   CONSTANT SIZE    =   ----    ----
   XDATA SIZE       =   ----    ----
   PDATA SIZE       =   ----    ----
   DATA SIZE        =      1       2
C51 COMPILER V9.54   MAIN                                                                  01/07/2024 16:26:37 PAGE 2   

   IDATA SIZE       =   ----    ----
   BIT SIZE         =   ----    ----
END OF MODULE INFORMATION.


C51 COMPILATION COMPLETE.  0 WARNING(S),  0 ERROR(S)
