C51 COMPILER V9.54   MAIN                                                                  01/10/2024 12:11:33 PAGE 1   


C51 COMPILER V9.54, COMPILATION OF MODULE MAIN
OBJECT MODULE PLACED IN .\Objects\main.obj
COMPILER INVOKED BY: D:\Keil5\C51\BIN\C51.EXE main.c OPTIMIZE(8,SPEED) BROWSE DEBUG OBJECTEXTEND PRINT(.\Listings\main.l
                    -st) TABS(2) OBJECT(.\Objects\main.obj)

line level    source

   1          #include <REGX52.H>
   2          #include "Delay.h"
   3          #include "Timer0.h"
   4          
   5          sbit Buzzer=P2^5;
   6          
   7          #define SPEED  500
   8          
   9          //Èü≥Á¨¶‰∏éÁ¥¢ÂºïÂØπÂ∫îË°®ÔºåPÔºö‰ºëÊ≠¢Á¨¶ÔºåLÔºö‰ΩéÈü≥ÔºåMÔºö‰∏≠Èü≥ÔºåHÔºöÈ´òÈü≥Ôºå‰∏ãÂàíÁ∫øÔºöÂçáÂçäÈü≥Á
             -¨¶Âè∑#
  10          #define P 0
  11          #define L1  1
  12          #define L1_ 2
  13          #define L2  3
  14          #define L2_ 4
  15          #define L3  5
  16          #define L4  6
  17          #define L4_ 7
  18          #define L5  8
  19          #define L5_ 9
  20          #define L6  10
  21          #define L6_ 11
  22          #define L7  12
  23          #define M1  13
  24          #define M1_ 14
  25          #define M2  15
  26          #define M2_ 16
  27          #define M3  17
  28          #define M4  18
  29          #define M4_ 19
  30          #define M5  20
  31          #define M5_ 21
  32          #define M6  22
  33          #define M6_ 23
  34          #define M7  24
  35          #define H1  25
  36          #define H1_ 26
  37          #define H2  27
  38          #define H2_ 28
  39          #define H3  29
  40          #define H4  30
  41          #define H4_ 31
  42          #define H5  32
  43          #define H5_ 33
  44          #define H6  34
  45          #define H6_ 35
  46          #define H7  36
  47          
  48          unsigned int FreqTable[]={
  49            0,
  50            63628,63731,63835,63928,64021,64103,64185,64260,64331,64400,64463,64528,
  51            64580,64633,64684,64732,64777,64820,64860,64898,64934,64968,65000,65030,
  52            65058,65085,65110,65134,65157,65178,65198,65217,65235,65252,65268,65283,
  53          };
C51 COMPILER V9.54   MAIN                                                                  01/10/2024 12:11:33 PAGE 2   

  54          
  55          unsigned char code Music_Star[]={
  56            P,  4,
  57            P,  4,
  58            P,  4,
  59            M6, 2,
  60            M7, 2,
  61            
  62            H1, 4+2,
  63            M7, 2,
  64            H1, 4,
  65            H3, 4,
  66            
  67            M7, 4+4+4,
  68            M3, 2,
  69            M3, 2,
  70            
  71            //2
  72            M6, 4+2,
  73            M5, 2,
  74            M6, 4,
  75            H1, 4,
  76            
  77            M5, 4+4+4,
  78            M3, 4,
  79            
  80            M4, 4+2,
  81            M3, 2,
  82            M4, 4,
  83            H1, 4,
  84            
  85            //3
  86            M3, 4+4,
  87            P,  2,
  88            H1, 2,
  89            H1, 2,
  90            H1, 2,
  91            
  92            M7, 4+2,
  93            M4_,2,
  94            M4_,4,
  95            M7, 4,
  96            
  97            M7, 8,
  98            P,  4,
  99            M6, 2,
 100            M7, 2,
 101            
 102            //4
 103            H1, 4+2,
 104            M7, 2,
 105            H1, 4,
 106            H3, 4,
 107            
 108            M7, 4+4+4,
 109            M3, 2,
 110            M3, 2,
 111            
 112            M6, 4+2,
 113            M5, 2,
 114            M6, 4,
 115            H1, 4,
C51 COMPILER V9.54   MAIN                                                                  01/10/2024 12:11:33 PAGE 3   

 116            
 117            //5
 118            M5, 4+4+4,
 119            M2, 2,
 120            M3, 2,
 121            
 122            M4, 4,
 123            H1, 2,
 124            M7, 2+2,
 125            H1, 2+4,
 126            
 127            H2, 2,
 128            H2, 2,
 129            H3, 2,
 130            H1, 2+4+4,
 131            
 132            //6
 133            H1, 2,
 134            M7, 2,
 135            M6, 2,
 136            M6, 2,
 137            M7, 4,
 138            M5_,4,
 139            
 140            
 141            M6, 4+4+4,
 142            H1, 2,
 143            H2, 2,
 144            
 145            H3, 4+2,
 146            H2, 2,
 147            H3, 4,
 148            H5, 4,
 149            
 150            //7
 151            H2, 4+4+4,
 152            M5, 2,
 153            M5, 2,
 154            
 155            H1, 4+2,
 156            M7, 2,
 157            H1, 4,
 158            H3, 4,
 159            
 160            H3, 4+4+4+4,
 161            
 162            //8
 163            M6, 2,
 164            M7, 2,
 165            H1, 4,
 166            M7, 4,
 167            H2, 2,
 168            H2, 2,
 169            
 170            H1, 4+2,
 171            M5, 2+4+4,
 172            
 173            H4, 4,
 174            H3, 4,
 175            H3, 4,
 176            H1, 4,
 177            
C51 COMPILER V9.54   MAIN                                                                  01/10/2024 12:11:33 PAGE 4   

 178            //9
 179            H3, 4+4+4,
 180            H3, 4,
 181            
 182            H6, 4+4,
 183            H5, 4,
 184            H5, 4,
 185            
 186            H3, 2,
 187            H2, 2,
 188            H1, 4+4,
 189            P,  2,
 190            H1, 2,
 191            
 192            //10
 193            H2, 4,
 194            H1, 2,
 195            H2, 2,
 196            H2, 4,
 197            H5, 4,
 198            
 199            H3, 4+4+4,
 200            H3, 4,
 201            
 202            H6, 4+4,
 203            H5, 4+4,
 204            
 205            //11
 206            H3, 2,
 207            H2, 2,
 208            H1, 4+4,
 209            P,  2,
 210            H1, 2,
 211            
 212            H2, 4,
 213            H1, 2,
 214            H2, 2+4,
 215            M7, 4,
 216            
 217            M6, 4+4+4,
 218            P,  4,
 219            
 220            0xFF};
 221          unsigned char FreqSelect,MusicSelect;
 222          
 223          void main()
 224          {
 225   1        Timer0Init();
 226   1        while(1)
 227   1        { 
 228   2          if(Music_Star[MusicSelect]!=0xFF)
 229   2          {
 230   3          FreqSelect=Music_Star[MusicSelect];//È¢ëÁéá
 231   3          MusicSelect++;
 232   3          Delay(SPEED/4*Music_Star[MusicSelect]);//Êó∂Èó¥
 233   3          MusicSelect++;
 234   3          TR0=0;//ÂÅúÈ°ø
 235   3          Delay(5);
 236   3          TR0=1;
 237   3          }
 238   2          else
 239   2          { 
C51 COMPILER V9.54   MAIN                                                                  01/10/2024 12:11:33 PAGE 5   

 240   3            TR0=0;
 241   3            while(1);
 242   3          }
 243   2        }
 244   1          
 245   1      }
 246          
 247          void Timer0_Routine() interrupt 1
 248          { 
 249   1        if(FreqTable[FreqSelect])
 250   1        {
 251   2        TL0 = FreqTable[FreqSelect]%256;    //ËÆæÁΩÆÂÆöÊó∂ÂàùÂÄº
 252   2        TH0 = FreqTable[FreqSelect]/256;    //ËÆæÁΩÆÂÆöÊó∂ÂàùÂÄº
 253   2        Buzzer=!Buzzer;
 254   2        }
 255   1        
 256   1      }


MODULE INFORMATION:   STATIC OVERLAYABLE
   CODE SIZE        =    101    ----
   CONSTANT SIZE    =    241    ----
   XDATA SIZE       =   ----    ----
   PDATA SIZE       =   ----    ----
   DATA SIZE        =     76    ----
   IDATA SIZE       =   ----    ----
   BIT SIZE         =   ----    ----
END OF MODULE INFORMATION.


C51 COMPILATION COMPLETE.  0 WARNING(S),  0 ERROR(S)
