C51 COMPILER V9.54   MAIN                                                                  01/10/2024 12:02:48 PAGE 1   


C51 COMPILER V9.54, COMPILATION OF MODULE MAIN
OBJECT MODULE PLACED IN .\Objects\main.obj
COMPILER INVOKED BY: D:\Keil5\C51\BIN\C51.EXE main.c OPTIMIZE(8,SPEED) BROWSE DEBUG OBJECTEXTEND PRINT(.\Listings\main.l
                    -st) TABS(2) OBJECT(.\Objects\main.obj)

line level    source

   1          #include <REGX52.H>
   2          #include "Delay.h"
   3          #include "Timer0.h"
   4          
   5          sbit Buzzer=P2^5;
   6          
   7          #define SPEED  500
   8          
   9          unsigned int FreqTable[]={
  10            0,
  11            63628,63731,63835,63928,64021,64103,64185,64260,64331,64400,64463,64528,
  12            64580,64633,64684,64732,64777,64820,64860,64898,64934,64968,65000,65030,
  13            65058,65085,65110,65134,65157,65178,65198,65217,65235,65252,65268,65283,
  14          };
  15          
  16          unsigned char code Music_Star[]={
  17          13,4,
  18          13,4,
  19          20,4,
  20          20,4,
  21          22,4,
  22          22,4,
  23          20,8,
  24          18,4,
  25          18,4,
  26          17,4,
  27          17,4,
  28          15,4,
  29          15,4,
  30          13,8,
  31          20,4,
  32          20,4,
  33          18,4,
  34          18,4,
  35          17,4,
  36          17,4,
  37          15,8,
  38          20,4,
  39          20,4,
  40          18,4,
  41          18,4,
  42          17,4,
  43          17,4,
  44          15,8,
  45          13,4,
  46          13,4,
  47          20,4,
  48          20,4,
  49          22,4,
  50          22,4,
  51          20,8,
  52          18,4,
  53          18,4,
  54          17,4,
C51 COMPILER V9.54   MAIN                                                                  01/10/2024 12:02:48 PAGE 2   

  55          17,4,
  56          15,4,
  57          15,4,
  58          13,8,
  59          0xFF};
  60          unsigned char FreqSelect,MusicSelect;
  61          
  62          void main()
  63          {
  64   1        Timer0Init();
  65   1        while(1)
  66   1        { 
  67   2          if(Music_Star[MusicSelect]!=0xFF)
  68   2          {
  69   3          FreqSelect=Music_Star[MusicSelect];//频率
  70   3          MusicSelect++;
  71   3          Delay(SPEED/4*Music_Star[MusicSelect]);//时间
  72   3          MusicSelect++;
  73   3          TR0=0;//停顿
  74   3          Delay(5);
  75   3          TR0=1;
  76   3          }
  77   2          else
  78   2          { 
  79   3            TR0=0;
  80   3            while(1);
  81   3          }
  82   2        }
  83   1          
  84   1      }
  85          
  86          void Timer0_Routine() interrupt 1
  87          { 
  88   1        if(FreqTable[FreqSelect])
  89   1        {
  90   2        TL0 = FreqTable[FreqSelect]%256;    //设置定时初值
  91   2        TH0 = FreqTable[FreqSelect]/256;    //设置定时初值
  92   2        Buzzer=!Buzzer;
  93   2        }
  94   1        
  95   1      }


MODULE INFORMATION:   STATIC OVERLAYABLE
   CODE SIZE        =    101    ----
   CONSTANT SIZE    =     85    ----
   XDATA SIZE       =   ----    ----
   PDATA SIZE       =   ----    ----
   DATA SIZE        =     76    ----
   IDATA SIZE       =   ----    ----
   BIT SIZE         =   ----    ----
END OF MODULE INFORMATION.


C51 COMPILATION COMPLETE.  0 WARNING(S),  0 ERROR(S)
