C51 COMPILER V9.54   BUZZER                                                                01/10/2024 11:01:25 PAGE 1   


C51 COMPILER V9.54, COMPILATION OF MODULE BUZZER
OBJECT MODULE PLACED IN .\Objects\Buzzer.obj
COMPILER INVOKED BY: D:\Keil5\C51\BIN\C51.EXE Buzzer.c OPTIMIZE(8,SPEED) BROWSE INCDIR(..\6-1 ¾ØÕó¼üÅÌ\Objects) DEBUG OB
                    -JECTEXTEND PRINT(.\Listings\Buzzer.lst) TABS(2) OBJECT(.\Objects\Buzzer.obj)

line level    source

   1          #include <REGX52.H>
   2          #include <INTRINS.H>
   3          
   4          //èœ‚é¸£å™¨ç«¯å£
   5          sbit Buzzer=P2^5;
   6          unsigned int i;
   7          
   8          /**
   9            * @brief  èœ‚é¸£å™¨ç§æœ‰å»¶æ—¶å‡½æ•° ï¼Œå»¶æ—¶500us
  10            * @param  æ— 
  11            * @retval æ— 
  12            */
  13          void Buzzer_Delay500us()    //@11.0592MHz
  14          {
  15   1        unsigned char i;
  16   1      
  17   1        _nop_();
  18   1        i = 227;
  19   1        while (--i);
  20   1      }
  21          
  22          /**
  23            * @brief  èœ‚é¸£å™¨å‘å£°æ—¶é—´
  24            * @param  mså‘å£°æ—¶é•¿
  25            * @retval æ— 
  26            */
  27          void Buzzer_Time (unsigned int ms)
  28          {
  29   1      
  30   1         for(i=0;i<ms*2;i++)
  31   1            {
  32   2              Buzzer=!Buzzer;
  33   2              Buzzer_Delay500us();
  34   2            }
  35   1      }


MODULE INFORMATION:   STATIC OVERLAYABLE
   CODE SIZE        =     47    ----
   CONSTANT SIZE    =   ----    ----
   XDATA SIZE       =   ----    ----
   PDATA SIZE       =   ----    ----
   DATA SIZE        =      2    ----
   IDATA SIZE       =   ----    ----
   BIT SIZE         =   ----    ----
END OF MODULE INFORMATION.


C51 COMPILATION COMPLETE.  0 WARNING(S),  0 ERROR(S)
