C51 COMPILER V9.54   MAIN                                                                  01/10/2024 10:59:31 PAGE 1   


C51 COMPILER V9.54, COMPILATION OF MODULE MAIN
OBJECT MODULE PLACED IN .\Objects\main.obj
COMPILER INVOKED BY: D:\Keil5\C51\BIN\C51.EXE main.c OPTIMIZE(8,SPEED) BROWSE INCDIR(..\6-1 æÿ’Ûº¸≈Ã\Objects) DEBUG OBJE
                    -CTEXTEND PRINT(.\Listings\main.lst) TABS(2) OBJECT(.\Objects\main.obj)

line level    source

   1          #include <REGX52.H>
   2          #include "Delay.h"
   3          #include "Key.h"
   4          #include "Nixie.h"
   5          #include "Buzzer.h"
   6          
   7          
   8          
   9          unsigned char KeyNum;
  10          
  11          void main()
  12          { 
  13   1        Nixie(1,0);
  14   1        while(1)
  15   1        { 
  16   2          
  17   2          KeyNum=Key();
  18   2          if(KeyNum)
  19   2          { 
  20   3            Buzzer_Time(500);
  21   3            Nixie(1,KeyNum);
  22   3          }
  23   2        }
  24   1      }


MODULE INFORMATION:   STATIC OVERLAYABLE
   CODE SIZE        =     36    ----
   CONSTANT SIZE    =   ----    ----
   XDATA SIZE       =   ----    ----
   PDATA SIZE       =   ----    ----
   DATA SIZE        =      1    ----
   IDATA SIZE       =   ----    ----
   BIT SIZE         =   ----    ----
END OF MODULE INFORMATION.


C51 COMPILATION COMPLETE.  0 WARNING(S),  0 ERROR(S)
