C51 COMPILER V9.54   MAIN                                                                  01/09/2024 11:11:59 PAGE 1   


C51 COMPILER V9.54, COMPILATION OF MODULE MAIN
OBJECT MODULE PLACED IN .\Objects\main.obj
COMPILER INVOKED BY: D:\Keil5\C51\BIN\C51.EXE main.c OPTIMIZE(8,SPEED) BROWSE DEBUG OBJECTEXTEND PRINT(.\Listings\main.l
                    -st) TABS(2) OBJECT(.\Objects\main.obj)

line level    source

   1          #include <REGX52.H>\
   2          #include "Delay.h"
   3          #include "MatrixLED.h"
   4          /**
   5            * @brief  点阵屏扫描显示完整图形
   6            * @param  无
   7            * @retval 无
   8            */
   9            
  10          unsigned char code Animation[]={
  11          0x00,0x00,0x00,0x00,0x00,0x00,0x00,0x00,
  12          0xFF,0x08,0x08,0x08,0xFF,0x00,0x0E,0x15,
  13          0x15,0x15,0x08,0x00,0x7E,0x01,0x02,0x00,
  14          0x7E,0x01,0x02,0x00,0x0E,0x11,0x11,0x0E,
  15          0x00,0x00,0x7D,0x00,0x00,0x00,0x00,0x00,
  16          0x00,0x00,0x00,0x00,0x00,0x00,0x00,0x00,
  17          };//显示图形数据
  18          void main ()
  19          {   
  20   1          unsigned char i,offset=0,cout=0;//offset偏移量
  21   1          MatrixLED_Init();
  22   1          while(1)
  23   1          { 
  24   2            for(i=0;i<8;i++)
  25   2            {
  26   3              MatrixLED_ShowClolum(i,Animation[i+offset]);//逐帧偏移
  27   3            }
  28   2            cout++;
  29   2            if(cout==8)//播放速度（可调，越小越快）
  30   2            {
  31   3              cout=0;
  32   3              offset++;
  33   3              if(offset==36)
  34   3              {
  35   4                offset=0;
  36   4              }
  37   3            }
  38   2          }
  39   1      }


MODULE INFORMATION:   STATIC OVERLAYABLE
   CODE SIZE        =     58    ----
   CONSTANT SIZE    =     48    ----
   XDATA SIZE       =   ----    ----
   PDATA SIZE       =   ----    ----
   DATA SIZE        =   ----       3
   IDATA SIZE       =   ----    ----
   BIT SIZE         =   ----    ----
END OF MODULE INFORMATION.


C51 COMPILATION COMPLETE.  0 WARNING(S),  0 ERROR(S)
