C51 COMPILER V9.54   MATRIXLED                                                             01/09/2024 10:39:40 PAGE 1   


C51 COMPILER V9.54, COMPILATION OF MODULE MATRIXLED
OBJECT MODULE PLACED IN .\Objects\MatrixLED.obj
COMPILER INVOKED BY: D:\Keil5\C51\BIN\C51.EXE MatrixLED.c OPTIMIZE(8,SPEED) BROWSE DEBUG OBJECTEXTEND PRINT(.\Listings\M
                    -atrixLED.lst) TABS(2) OBJECT(.\Objects\MatrixLED.obj)

line level    source

   1          #include <REGX52.H>
   2          #include "Delay.h"
   3          sbit RCK=P3^5;
   4          sbit SCK=P3^6;
   5          sbit SER=P3^4;
   6          /**
   7            * @brief  点阵屏初始化
   8            * @param  无
   9            * @retval 无
  10            */
  11          void MatrixLED_Init()
  12          {
  13   1        SCK=0;
  14   1        RCK=0;
  15   1      }
  16          
  17          #define MatrixLED_Port  P0
  18          /**
  19            * @brief  74HC595写入一个字节
  20            * @param  要写入的字节
  21            * @retval 无
  22            */
  23          void _74HC595_WriteByte(unsigned char Byte)
  24          {
  25   1        unsigned int i;
  26   1        for(i=0;i<8;i++)
  27   1        {
  28   2          SER=Byte&(0x80>>i);
  29   2          SCK=1;
  30   2          SCK=0;
  31   2        }
  32   1        RCK=1;
  33   1        RCK=0;
  34   1      }
  35          /**
  36            * @brief  LED点阵屏显示一列数据
  37            * @param  Cloumn要选择的列，范围0~7
  38            * @param  Data选择列显示的数据，高位在上，1为亮，0为灭
  39            * @retval 无
  40            */
  41          
  42          void MatrixLED_ShowClolum(unsigned char Column,Date)
  43          {
  44   1        _74HC595_WriteByte(Date);
  45   1        MatrixLED_Port=~(0x80>>Column);
  46   1        Delay(1);
  47   1        MatrixLED_Port=0xFF;
  48   1      }
  49          
  50          


MODULE INFORMATION:   STATIC OVERLAYABLE
   CODE SIZE        =     92    ----
C51 COMPILER V9.54   MATRIXLED                                                             01/09/2024 10:39:40 PAGE 2   

   CONSTANT SIZE    =   ----    ----
   XDATA SIZE       =   ----    ----
   PDATA SIZE       =   ----    ----
   DATA SIZE        =   ----       1
   IDATA SIZE       =   ----    ----
   BIT SIZE         =   ----    ----
END OF MODULE INFORMATION.


C51 COMPILATION COMPLETE.  0 WARNING(S),  0 ERROR(S)
