C51 COMPILER V9.54   INT0                                                                  01/13/2024 16:06:08 PAGE 1   


C51 COMPILER V9.54, COMPILATION OF MODULE INT0
OBJECT MODULE PLACED IN .\Objects\INT0.obj
COMPILER INVOKED BY: D:\Keil5\C51\BIN\C51.EXE INT0.c OPTIMIZE(8,SPEED) BROWSE DEBUG OBJECTEXTEND PRINT(.\Listings\INT0.l
                    -st) TABS(2) OBJECT(.\Objects\INT0.obj)

line level    source

   1          #include <REGX52.H>
   2          
   3          void Int0_Init(void)
   4          { 
   5   1          IT0=1;
   6   1          IE0=0;
   7   1          EX0=1;
   8   1          EA=1;
   9   1          PX0=1;
  10   1      }
  11          
  12          /*
  13          void Int0_Routine(void)  interrupt 0
  14          {
  15            
  16          }
  17          */


MODULE INFORMATION:   STATIC OVERLAYABLE
   CODE SIZE        =     11    ----
   CONSTANT SIZE    =   ----    ----
   XDATA SIZE       =   ----    ----
   PDATA SIZE       =   ----    ----
   DATA SIZE        =   ----    ----
   IDATA SIZE       =   ----    ----
   BIT SIZE         =   ----    ----
END OF MODULE INFORMATION.


C51 COMPILATION COMPLETE.  0 WARNING(S),  0 ERROR(S)
