C51 COMPILER V9.54   IR                                                                    01/13/2024 16:07:59 PAGE 1   


C51 COMPILER V9.54, COMPILATION OF MODULE IR
OBJECT MODULE PLACED IN .\Objects\IR.obj
COMPILER INVOKED BY: D:\Keil5\C51\BIN\C51.EXE IR.c OPTIMIZE(8,SPEED) BROWSE DEBUG OBJECTEXTEND PRINT(.\Listings\IR.lst) 
                    -TABS(2) OBJECT(.\Objects\IR.obj)

line level    source

   1          #include <REGX52.H>
   2          #include "Timer0.h"
   3          #include "INT0.h"
   4          
   5          unsigned int IR_Time;
   6          unsigned char IR_State;
   7          unsigned long IR_Data[4];
   8          unsigned char IR_pData;
   9          
  10          unsigned char IR_DataFlag;
  11          unsigned char IR_RepeatFlag;
  12          unsigned char IR_Address;
  13          unsigned char IR_Command;
  14          
  15          
  16          void IR_Init(void)
  17          {
  18   1        Timer0_Init();
  19   1        Int0_Init();
  20   1      }
  21          
  22          void Int0_Routine(void)  interrupt 0
  23          {
  24   1        if(IR_State==0)
  25   1        { 
  26   2          P2=0;
  27   2          Timer0_SetCounter(0);
  28   2          Timer0_Run(1);
  29   2          IR_State=1;
  30   2        }
  31   1        else if(IR_State==1)
  32   1        {
  33   2          IR_Time=Timer0_GetCounter();
  34   2          Timer0_SetCounter(0);
  35   2          if(IR_Time>13500-500&&IR_Time<13500+500)
  36   2          {
  37   3            IR_State=2;
  38   3          }
  39   2          else if(IR_Time>11250-500&&IR_Time<11250+500)
  40   2          {
  41   3            IR_RepeatFlag=1;
  42   3            Timer0_Run(0);
  43   3            IR_State=0;
  44   3          }
  45   2          else
  46   2          {
  47   3            IR_State=0;
  48   3          }
  49   2        }
  50   1      }


MODULE INFORMATION:   STATIC OVERLAYABLE
   CODE SIZE        =    162    ----
C51 COMPILER V9.54   IR                                                                    01/13/2024 16:07:59 PAGE 2   

   CONSTANT SIZE    =   ----    ----
   XDATA SIZE       =   ----    ----
   PDATA SIZE       =   ----    ----
   DATA SIZE        =     24    ----
   IDATA SIZE       =   ----    ----
   BIT SIZE         =   ----    ----
END OF MODULE INFORMATION.


C51 COMPILATION COMPLETE.  0 WARNING(S),  0 ERROR(S)
