C51 COMPILER V9.54   MAIN                                                                  01/13/2024 16:07:59 PAGE 1   


C51 COMPILER V9.54, COMPILATION OF MODULE MAIN
OBJECT MODULE PLACED IN .\Objects\main.obj
COMPILER INVOKED BY: D:\Keil5\C51\BIN\C51.EXE main.c OPTIMIZE(8,SPEED) BROWSE DEBUG OBJECTEXTEND PRINT(.\Listings\main.l
                    -st) TABS(2) OBJECT(.\Objects\main.obj)

line level    source

   1          #include <REGX52.H>
   2          #include "Delay.h"
   3          #include "LCD1602.h"
   4          #include "IR.h"
   5          #include "Timer0.h"
   6          
   7          unsigned char Num;
   8          unsigned int Time;
   9          
  10          void main ()
  11          {   
  12   1          LCD_Init();
  13   1          LCD_ShowString(1,1,"A");
  14   1          IR_Init();
*** WARNING C206 IN LINE 14 OF main.c: 'IR_Init': missing function-prototype
  15   1          while(1)
  16   1          {
  17   2             
  18   2          }
  19   1      }


MODULE INFORMATION:   STATIC OVERLAYABLE
   CODE SIZE        =     21    ----
   CONSTANT SIZE    =      2    ----
   XDATA SIZE       =   ----    ----
   PDATA SIZE       =   ----    ----
   DATA SIZE        =      3    ----
   IDATA SIZE       =   ----    ----
   BIT SIZE         =   ----    ----
END OF MODULE INFORMATION.


C51 COMPILATION COMPLETE.  1 WARNING(S),  0 ERROR(S)
