C51 COMPILER V9.54   MAIN                                                                  01/07/2024 22:16:37 PAGE 1   


C51 COMPILER V9.54, COMPILATION OF MODULE MAIN
OBJECT MODULE PLACED IN .\Objects\main.obj
COMPILER INVOKED BY: D:\Keil5\C51\BIN\C51.EXE main.c OPTIMIZE(8,SPEED) BROWSE DEBUG OBJECTEXTEND PRINT(.\Listings\main.l
                    -st) TABS(2) OBJECT(.\Objects\main.obj)

line level    source

   1          #include <REGX52.H>
   2          #include "LCD1602.h"
   3          #include "Delay.h"
   4          
   5          int Result=0;
   6          
   7          void main()
   8          {
   9   1      //  LCD_Init();
  10   1      //  LCD_ShowChar(1,1,'A');
  11   1      //  LCD_ShowString(1,2,"pwyissb");
  12   1      //  LCD_ShowNum(1,9,123,3);
  13   1      //  LCD_ShowSignedNum(1,13,-55,2);
  14   1      //  LCD_ShowHexNum(2,1,0xFE,2);
  15   1      //  LCD_ShowBinNum(2,3,0x12,2);
  16   1        
  17   1        LCD_Init();
  18   1        while(1)
  19   1        {
  20   2          Result++;
  21   2          Delay(1000);
  22   2          LCD_ShowNum(1,1,Result,3);
  23   2        }
  24   1      }


MODULE INFORMATION:   STATIC OVERLAYABLE
   CODE SIZE        =     34    ----
   CONSTANT SIZE    =   ----    ----
   XDATA SIZE       =   ----    ----
   PDATA SIZE       =   ----    ----
   DATA SIZE        =      2    ----
   IDATA SIZE       =   ----    ----
   BIT SIZE         =   ----    ----
END OF MODULE INFORMATION.


C51 COMPILATION COMPLETE.  0 WARNING(S),  0 ERROR(S)
