C51 COMPILER V9.54   MAIN                                                                  01/11/2024 19:05:34 PAGE 1   


C51 COMPILER V9.54, COMPILATION OF MODULE MAIN
OBJECT MODULE PLACED IN .\Objects\main.obj
COMPILER INVOKED BY: D:\Keil5\C51\BIN\C51.EXE main.c OPTIMIZE(8,SPEED) BROWSE DEBUG OBJECTEXTEND PRINT(.\Listings\main.l
                    -st) TABS(2) OBJECT(.\Objects\main.obj)

line level    source

   1          #include <REGX52.H>
   2          #include "LCD1602.h"
   3          #include "Delay.h"
   4          
   5          void main ()
   6          {   
   7   1          LCD_Init();
   8   1      //    LCD_ShowChar(1,2,0xDF);
   9   1          LCD_ShowString(1,1,"PanWanYi is SB! SB is PanWanYi");
  10   1      //    LCD_ShowNum(1,9,66,2);
  11   1      //    LCD_ShowSignedNum(1,12,-88,2);
  12   1      //    LCD_ShowHexNum(2,1,0xA5,2);
  13   1      //    LCD_ShowBinNum(2,4,0xA5,8);
  14   1          while(1)
  15   1          { 
  16   2            
  17   2      //      LCD_WriteCommand(0x18);
  18   2      //      Delay(100);
  19   2      
  20   2          }
  21   1      }


MODULE INFORMATION:   STATIC OVERLAYABLE
   CODE SIZE        =     18    ----
   CONSTANT SIZE    =     31    ----
   XDATA SIZE       =   ----    ----
   PDATA SIZE       =   ----    ----
   DATA SIZE        =   ----    ----
   IDATA SIZE       =   ----    ----
   BIT SIZE         =   ----    ----
END OF MODULE INFORMATION.


C51 COMPILATION COMPLETE.  0 WARNING(S),  0 ERROR(S)
