C51 COMPILER V9.54   MAIN                                                                  01/07/2024 20:16:40 PAGE 1   


C51 COMPILER V9.54, COMPILATION OF MODULE MAIN
OBJECT MODULE PLACED IN .\Objects\main.obj
COMPILER INVOKED BY: D:\Keil5\C51\BIN\C51.EXE main.c OPTIMIZE(8,SPEED) BROWSE DEBUG OBJECTEXTEND PRINT(.\Listings\main.l
                    -st) TABS(2) OBJECT(.\Objects\main.obj)

line level    source

   1          #include <REGX52.H>
   2          unsigned char NixieTable[]={0x3F,0x06,0x5B,0x4F,0x66,0x6D,0x7D,0x07,0x7F,0x6F};
   3          void Delay(unsigned int ms)   //@12.000MHz
   4          {
   5   1        while(ms--)
   6   1        {
   7   2          unsigned char i, j;
   8   2          i = 2;
   9   2          j = 239;
  10   2          do
  11   2          {
  12   3            while (--j);
  13   3          } while (--i);
  14   2        }
  15   1        
  16   1      }
  17          
  18          void Nixie(unsigned char Log,Num)
  19          {
  20   1        switch(Log)
  21   1        {
  22   2          case 1:P2_4=1;P2_3=1;P2_2=1;break;
  23   2          case 2:P2_4=1;P2_3=1;P2_2=0;break;
  24   2          case 3:P2_4=1;P2_3=0;P2_2=1;break;
  25   2          case 4:P2_4=1;P2_3=0;P2_2=0;break;
  26   2          case 5:P2_4=0;P2_3=1;P2_2=1;break;
  27   2          case 6:P2_4=0;P2_3=1;P2_2=0;break;
  28   2          case 7:P2_4=0;P2_3=0;P2_2=1;break;
  29   2          case 8:P2_4=0;P2_3=0;P2_2=0;break;
  30   2        }
  31   1        P0=NixieTable[Num];
  32   1        Delay(1);
  33   1        P0=0x00;
  34   1      }
  35          void main()
  36          {
  37   1        while(1)
  38   1        {
  39   2          Nixie(1,1);
  40   2      //    Delay(20);
  41   2          Nixie(2,2);
  42   2      //    Delay(20);
  43   2          Nixie(3,3);
  44   2      //    Delay(20);
  45   2        }
  46   1      }


MODULE INFORMATION:   STATIC OVERLAYABLE
   CODE SIZE        =    161    ----
   CONSTANT SIZE    =   ----    ----
   XDATA SIZE       =   ----    ----
   PDATA SIZE       =   ----    ----
   DATA SIZE        =     10       2
C51 COMPILER V9.54   MAIN                                                                  01/07/2024 20:16:40 PAGE 2   

   IDATA SIZE       =   ----    ----
   BIT SIZE         =   ----    ----
END OF MODULE INFORMATION.


C51 COMPILATION COMPLETE.  0 WARNING(S),  0 ERROR(S)
